<?xml version="1.0" encoding="UTF-8"?>
<!-- Generated by org.testng.reporters.JUnitXMLReporter -->
<testsuite ignored="6" hostname="LAPTOP-4LTOMHMT" failures="2" tests="25" name="Test" time="47.452" errors="0" timestamp="2022-02-01T00:11:38 SAST">
  <testcase classname="com.automation.PageTitle" name="first_test" time="6.28"/>
  <testcase classname="com.automation.Login" name="login" time="8.433"/>
  <testcase classname="com.automation.Login" name="Valid_url" time="0.012"/>
  <testcase classname="com.automation.Login" name="check_admin" time="0.052"/>
  <testcase classname="com.automation.Login" name="check_welcome" time="0.04"/>
  <testcase classname="com.automation.AdminTap" name="admintap" time="4.17"/>
  <testcase classname="com.automation.AdminTap" name="Validate_adminUrl" time="0.009"/>
  <testcase classname="com.automation.AdminTap" name="validateAdd" time="0.039"/>
  <testcase classname="com.automation.AdminTap" name="validateDelete" time="0.045"/>
  <testcase classname="com.automation.AdminTap" name="validateSearch" time="0.03"/>
  <testcase classname="com.automation.AdminTap" name="validateReset" time="0.03"/>
  <testcase classname="com.automation.ClickAdd" name="clickadd" time="4.13"/>
  <testcase classname="com.automation.ClickAdd" name="validate_addbtnUrl" time="0.013"/>
  <testcase classname="com.automation.ClickAdd" name="validateAdd" time="0.034"/>
  <testcase classname="com.automation.EnterInfo" name="enter_info" time="2.801"/>
  <testcase classname="com.automation.EnterInfo" name="validate_status" time="0.058"/>
  <testcase classname="com.automation.SearchSection" name="click_search" time="3.283"/>
  <testcase classname="com.automation.SearchSection" name="validate_username" time="0.035"/>
  <testcase classname="com.automation.SearchSection" name="validate_employeeName" time="2.045">
    <failure type="java.lang.AssertionError" message="expected [true] but found [false]">
      <![CDATA[java.lang.AssertionError: expected [true] but found [false]
at com.automation.SearchSection.validate_employeeName(SearchSection.java:69)
at java.base/java.util.ArrayList.forEach(ArrayList.java:1511)
... Removed 31 stack frames]]>
    </failure>
  </testcase> <!-- validate_employeeName -->
  <testcase classname="com.automation.SearchSection" name="validate_status" time="0.037"/>
  <testcase classname="com.automation.DeleteRecord" name="delete_record" time="7.114"/>
  <testcase classname="com.automation.SearchRecord" name="search_deleted" time="2.857"/>
  <testcase classname="com.automation.LogOut" name="logout" time="3.778"/>
  <testcase classname="com.automation.LogOut" name="validate_url_landingPage" time="2.024"/>
  <testcase classname="com.automation.LogOut" name="validate_url_landingPage2" time="0.01">
    <failure type="java.lang.AssertionError" message="expected [true] but found [false]">
      <![CDATA[java.lang.AssertionError: expected [true] but found [false]
at com.automation.LogOut.validate_url_landingPage2(LogOut.java:60)
at java.base/java.util.ArrayList.forEach(ArrayList.java:1511)
... Removed 31 stack frames]]>
    </failure>
  </testcase> <!-- validate_url_landingPage2 -->
  <testcase classname="com.automation.Config" name="@BeforeSuite setup" time="0.0">
    <ignored/>
  </testcase> <!-- @BeforeSuite setup -->
  <testcase classname="com.automation.Config" name="@BeforeSuite setup" time="0.0">
    <ignored/>
  </testcase> <!-- @BeforeSuite setup -->
  <testcase classname="com.automation.Config" name="@BeforeSuite setup" time="0.0">
    <ignored/>
  </testcase> <!-- @BeforeSuite setup -->
  <testcase classname="com.automation.Config" name="@AfterSuite flushing" time="0.0">
    <ignored/>
  </testcase> <!-- @AfterSuite flushing -->
  <testcase classname="com.automation.Config" name="@AfterSuite flushing" time="0.0">
    <ignored/>
  </testcase> <!-- @AfterSuite flushing -->
  <testcase classname="com.automation.Config" name="@AfterSuite flushing" time="0.0">
    <ignored/>
  </testcase> <!-- @AfterSuite flushing -->
</testsuite> <!-- Test -->
